{
  "workflow_id": "workflow-1758108218725",
  "execution_state": {
    "current_step_index": 2,
    "total_steps": 3,
    "status": "Running",
    "start_time": "2025-09-17T11:45:10.415164Z",
    "last_checkpoint": "2025-09-17T11:45:10.415164Z",
    "current_iteration": null,
    "total_iterations": null
  },
  "completed_steps": [
    {
      "step_index": 0,
      "command": "claude: /prodigy-implement-spec $ARG",
      "success": true,
      "output": null,
      "captured_variables": {},
      "duration": {
        "secs": 974,
        "nanos": 803932792
      },
      "completed_at": "2025-09-17T11:39:53.544575Z"
    },
    {
      "step_index": 1,
      "command": "test: just test",
      "success": true,
      "output": null,
      "captured_variables": {},
      "duration": {
        "secs": 316,
        "nanos": 825195500
      },
      "completed_at": "2025-09-17T11:45:10.415090Z"
    }
  ],
  "variable_state": {
    "step.files_changed": "3",
    "step.deletions": "552",
    "test.output": "STDOUT:\nRunning tests with cargo nextest...\n\n\nSTDERR:\ncargo build\n   Compiling prodigy v0.1.8 (/Users/glen/.prodigy/worktrees/prodigy/session-11b7e84a-0c31-4ebc-bd0e-3f3a0f9ead72)\n    Finished `dev` profile [unoptimized + debuginfo] target(s) in 4.38s\ncargo nextest run\n   Compiling prodigy v0.1.8 (/Users/glen/.prodigy/worktrees/prodigy/session-11b7e84a-0c31-4ebc-bd0e-3f3a0f9ead72)\nwarning: unused import: `std::collections::HashMap`\n --> src/cook/workflow/error_policy_tests.rs:7:5\n  |\n7 | use std::collections::HashMap;\n  |     ^^^^^^^^^^^^^^^^^^^^^^^^^\n  |\n  = note: `#[warn(unused_imports)]` on by default\n\nerror[E0061]: this function takes 5 arguments but 1 argument was supplied\n   --> src/cook/workflow/error_policy_tests.rs:39:19\n    |\n39  |         let dlq = DeadLetterQueue::new(PathBuf::from(\"/tmp/test-dlq\"))\n    |                   ^^^^^^^^^^^^^^^^^^^^--------------------------------\n    |                                       ||\n    |                                       |argument #1 of type `std::string::String` is missing\n    |                                       three arguments of type `usize`, `u32`, and `std::option::Option<std::sync::Arc<event_logger::EventLogger>>` are missing\n    |\nnote: associated function defined here\n   --> src/cook/execution/dlq.rs:136:18\n    |\n136 |     pub async fn new(\n    |                  ^^^\n137 |         job_id: String,\n    |         --------------\n138 |         base_path: PathBuf,\n139 |         max_items: usize,\n    |         ----------------\n140 |         retention_days: u32,\n    |         -------------------\n141 |         event_logger: Option<Arc<EventLogger>>,\n    |         --------------------------------------\nhelp: provide the arguments\n    |\n39  -         let dlq = DeadLetterQueue::new(PathBuf::from(\"/tmp/test-dlq\"))\n39  +         let dlq = DeadLetterQueue::new(/* std::string::String */, PathBuf::from(\"/tmp/test-dlq\"), /* usize */, /* u32 */, /* std::option::Option<std::sync::Arc<event_logger::EventLogger>> */)\n    |\n\nFor more information about this error, try `rustc --explain E0061`.\nwarning: `prodigy` (lib test) generated 1 warning\nerror: could not compile `prodigy` (lib test) due to 1 previous error; 1 warning emitted\nerror: command `/opt/homebrew/bin/cargo test --no-run --message-format json-render-diagnostics` exited with code 101\nerror: Recipe `test` failed on line 58 with exit code 101\n",
    "PROJECT_ROOT": "/Users/glen/.prodigy/worktrees/prodigy/session-11b7e84a-0c31-4ebc-bd0e-3f3a0f9ead72",
    "ARG": "62",
    "test.attempt": "1",
    "test.exit_code": "101",
    "step.commits": "[{\"hash\":\"4d33821af266b62c972de7fe76cf7de79a0708ec\",\"message\":\"fix: resolve test failures with functional patterns\",\"author\":\"Glen Baker\",\"timestamp\":\"2025-09-17T11:44:35Z\",\"files_changed\":[\".prodigy/checkpoints/workflow-1758108218725.checkpoint.json\",\"src/cook/workflow/error_policy_tests.rs\",\"test_output.txt\"],\"insertions\":1242,\"deletions\":552,\"step_name\":\"test: just test\",\"agent_id\":null}]",
    "step.insertions": "1242"
  },
  "mapreduce_state": null,
  "timestamp": "2025-09-17T11:45:10.415164Z",
  "version": 1,
  "workflow_hash": "3",
  "total_steps": 3,
  "workflow_name": "args-workflow",
  "workflow_path": "/Users/glen/memento-mori/prodigy/workflows/implement.yml",
  "retry_checkpoint_state": null,
  "variable_checkpoint_state": {
    "global_variables": {
      "step.insertions": "1242",
      "step.files_changed": "3",
      "PROJECT_ROOT": "/Users/glen/.prodigy/worktrees/prodigy/session-11b7e84a-0c31-4ebc-bd0e-3f3a0f9ead72",
      "test.exit_code": "101",
      "ARG": "62",
      "step.commits": "[{\"hash\":\"4d33821af266b62c972de7fe76cf7de79a0708ec\",\"message\":\"fix: resolve test failures with functional patterns\",\"author\":\"Glen Baker\",\"timestamp\":\"2025-09-17T11:44:35Z\",\"files_changed\":[\".prodigy/checkpoints/workflow-1758108218725.checkpoint.json\",\"src/cook/workflow/error_policy_tests.rs\",\"test_output.txt\"],\"insertions\":1242,\"deletions\":552,\"step_name\":\"test: just test\",\"agent_id\":null}]",
      "test.output": "STDOUT:\nRunning tests with cargo nextest...\n\n\nSTDERR:\ncargo build\n   Compiling prodigy v0.1.8 (/Users/glen/.prodigy/worktrees/prodigy/session-11b7e84a-0c31-4ebc-bd0e-3f3a0f9ead72)\n    Finished `dev` profile [unoptimized + debuginfo] target(s) in 4.38s\ncargo nextest run\n   Compiling prodigy v0.1.8 (/Users/glen/.prodigy/worktrees/prodigy/session-11b7e84a-0c31-4ebc-bd0e-3f3a0f9ead72)\nwarning: unused import: `std::collections::HashMap`\n --> src/cook/workflow/error_policy_tests.rs:7:5\n  |\n7 | use std::collections::HashMap;\n  |     ^^^^^^^^^^^^^^^^^^^^^^^^^\n  |\n  = note: `#[warn(unused_imports)]` on by default\n\nerror[E0061]: this function takes 5 arguments but 1 argument was supplied\n   --> src/cook/workflow/error_policy_tests.rs:39:19\n    |\n39  |         let dlq = DeadLetterQueue::new(PathBuf::from(\"/tmp/test-dlq\"))\n    |                   ^^^^^^^^^^^^^^^^^^^^--------------------------------\n    |                                       ||\n    |                                       |argument #1 of type `std::string::String` is missing\n    |                                       three arguments of type `usize`, `u32`, and `std::option::Option<std::sync::Arc<event_logger::EventLogger>>` are missing\n    |\nnote: associated function defined here\n   --> src/cook/execution/dlq.rs:136:18\n    |\n136 |     pub async fn new(\n    |                  ^^^\n137 |         job_id: String,\n    |         --------------\n138 |         base_path: PathBuf,\n139 |         max_items: usize,\n    |         ----------------\n140 |         retention_days: u32,\n    |         -------------------\n141 |         event_logger: Option<Arc<EventLogger>>,\n    |         --------------------------------------\nhelp: provide the arguments\n    |\n39  -         let dlq = DeadLetterQueue::new(PathBuf::from(\"/tmp/test-dlq\"))\n39  +         let dlq = DeadLetterQueue::new(/* std::string::String */, PathBuf::from(\"/tmp/test-dlq\"), /* usize */, /* u32 */, /* std::option::Option<std::sync::Arc<event_logger::EventLogger>> */)\n    |\n\nFor more information about this error, try `rustc --explain E0061`.\nwarning: `prodigy` (lib test) generated 1 warning\nerror: could not compile `prodigy` (lib test) due to 1 previous error; 1 warning emitted\nerror: command `/opt/homebrew/bin/cargo test --no-run --message-format json-render-diagnostics` exited with code 101\nerror: Recipe `test` failed on line 58 with exit code 101\n",
      "test.attempt": "1",
      "step.deletions": "552"
    },
    "phase_variables": {},
    "computed_cache": {},
    "environment_snapshot": {
      "variables": {
        "XPC_SERVICE_NAME": "0",
        "VISUAL": "hx",
        "NVM_CD_FLAGS": "-q",
        "COLORTERM": "truecolor",
        "NVM_DIR": "/Users/glen/.nvm",
        "__CF_USER_TEXT_ENCODING": "0x1F5:0x0:0x0",
        "INFOPATH": "/opt/homebrew/share/info:",
        "PATH": "/Users/glen/.bun/bin:/Users/glen/.nvm/versions/node/v22.18.0/bin:/Users/glen/.pyenv/plugins/pyenv-virtualenv/shims:/Users/glen/.pyenv/shims:/Users/glen/.pyenv/bin:/opt/homebrew/bin:/opt/homebrew/sbin:/usr/local/bin:/System/Cryptexes/App/usr/bin:/usr/bin:/bin:/usr/sbin:/sbin:/var/run/com.apple.security.cryptexd/codex.system/bootstrap/usr/local/bin:/var/run/com.apple.security.cryptexd/codex.system/bootstrap/usr/bin:/var/run/com.apple.security.cryptexd/codex.system/bootstrap/usr/appleinternal/bin:/Library/Apple/usr/bin:/Library/Frameworks/Mono.framework/Versions/Current/Commands:/Users/glen/.cargo/bin:/Applications/Ghostty.app/Contents/MacOS:/Users/glen/.foundry/bin:/Users/glen/.antigen/bundles/robbyrussell/oh-my-zsh/lib:/Users/glen/.antigen/bundles/robbyrussell/oh-my-zsh/plugins/git:/Users/glen/.antigen/bundles/robbyrussell/oh-my-zsh/plugins/command-not-found:/Users/glen/.antigen/bundles/robbyrussell/oh-my-zsh/plugins/docker:/Users/glen/.antigen/bundles/robbyrussell/oh-my-zsh/plugins/sudo:/Users/glen/.antigen/bundles/robbyrussell/oh-my-zsh/plugins/dirhistory:/Users/glen/.antigen/bundles/robbyrussell/oh-my-zsh/plugins/history:/Users/glen/.antigen/bundles/robbyrussell/oh-my-zsh/plugins/macos:/Users/glen/.antigen/bundles/zsh-users/zsh-completions:/Users/glen/.antigen/bundles/zsh-users/zsh-autosuggestions:/Users/glen/.antigen/bundles/zsh-users/zsh-syntax-highlighting:/opt/homebrew/bin:/Users/glen/headspinio/devtools/bin:/Users/glen/headspinio/ops/bin:/usr/local/opt/mysql@5.7/bin:/Users/glen/go/bin:/Users/glen/devl/oracli/bin",
        "GHOSTTY_BIN_DIR": "/Applications/Ghostty.app/Contents/MacOS",
        "TMPDIR": "/var/folders/fc/plw0013j1yj8dj00s3gbpdfw0000gn/T/",
        "NVM_INC": "/Users/glen/.nvm/versions/node/v22.18.0/include/node",
        "GHOSTTY_RESOURCES_DIR": "/Applications/Ghostty.app/Contents/Resources/ghostty",
        "PYENV_SHELL": "zsh",
        "PYTHONPATH": ":/Users/glen/headspinio/devtools:/Users/glen/headspinio/platform:/Users/glen/headspinio/common:/Users/glen/headspinio/mar:/Users/glen/headspinio/reports:/Users/glen/headspinio/ops:/Users/glen/headspinio/pbox:/Users/glen/headspinio/loadtests:/Users/glen/headspinio/pushserver:/Users/glen/headspinio/product-error-codes:/Users/glen/headspinio/onpremadmin",
        "BUN_INSTALL": "/Users/glen/.bun",
        "XDG_DATA_DIRS": "/usr/local/share:/usr/share:/Applications/Ghostty.app/Contents/Resources/ghostty/..",
        "LANG": "en_US.UTF-8",
        "PWD": "/Users/glen/memento-mori/prodigy",
        "XPC_FLAGS": "0x0",
        "COMMAND_MODE": "unix2003",
        "ZSH": "/Users/glen/.oh-my-zsh",
        "HEADSPIN_HOME": "/Users/glen/headspinio",
        "SHLVL": "1",
        "TERMINFO": "/Applications/Ghostty.app/Contents/Resources/terminfo",
        "PYENV_ROOT": "/Users/glen/.pyenv",
        "HOMEBREW_CELLAR": "/opt/homebrew/Cellar",
        "PRODIGY_ARG": "62",
        "USER": "glen",
        "DIRHISTORY_SIZE": "30",
        "SHELL": "/bin/zsh",
        "HOMEBREW_REPOSITORY": "/opt/homebrew",
        "SSH_AUTH_SOCK": "/private/tmp/com.apple.launchd.ye4Ol1VMB1/Listeners",
        "GHOSTTY_SHELL_FEATURES": "cursor,title",
        "TERM": "xterm-ghostty",
        "LS_COLORS": "di=1;36:ln=35:so=32:pi=33:ex=31:bd=34;46:cd=34;43:su=30;41:sg=30;46:tw=30;42:ow=30;43",
        "PYENV_VIRTUALENV_INIT": "1",
        "NVM_BIN": "/Users/glen/.nvm/versions/node/v22.18.0/bin",
        "TERM_PROGRAM": "ghostty",
        "TERM_PROGRAM_VERSION": "1.2.0",
        "HOME": "/Users/glen",
        "MANPATH": "/Users/glen/.nvm/versions/node/v22.18.0/share/man::/usr/share/man:/usr/local/share/man:/Applications/Ghostty.app/Contents/Resources/ghostty/../man:",
        "LSCOLORS": "Gxfxcxdxbxegedabagacad",
        "LESS": "-R",
        "HOMEBREW_PREFIX": "/opt/homebrew",
        "_": "/usr/local/bin/prodigy",
        "OLDPWD": "/Users/glen/memento-mori/prodigy",
        "__CFBundleIdentifier": "com.mitchellh.ghostty",
        "LOGNAME": "glen",
        "PAGER": "less",
        "EDITOR": "hx"
      },
      "captured_at": "2025-09-17T11:45:10.415134Z",
      "hostname": "harley",
      "working_directory": "/Users/glen/memento-mori/prodigy"
    },
    "interpolation_history": [],
    "variable_metadata": {
      "total_variables": 9,
      "computed_variables": 0,
      "total_interpolations": 0,
      "checkpoint_version": "1.0.0"
    },
    "captured_outputs": {},
    "iteration_vars": {
      "ITERATION": "1"
    }
  }
}