{
  "workflow_id": "workflow-1757891917797",
  "execution_state": {
    "current_step_index": 2,
    "total_steps": 3,
    "status": "Running",
    "start_time": "2025-09-15T01:03:06.165872Z",
    "last_checkpoint": "2025-09-15T01:03:06.165872Z",
    "current_iteration": null,
    "total_iterations": null
  },
  "completed_steps": [
    {
      "step_index": 0,
      "command": "claude: /prodigy-implement-spec $ARG",
      "success": true,
      "output": null,
      "captured_variables": {},
      "duration": {
        "secs": 3836,
        "nanos": 8831167
      },
      "completed_at": "2025-09-15T00:59:48.195344Z"
    },
    {
      "step_index": 1,
      "command": "test: just test",
      "success": true,
      "output": null,
      "captured_variables": {},
      "duration": {
        "secs": 197,
        "nanos": 958408791
      },
      "completed_at": "2025-09-15T01:03:06.165860Z"
    }
  ],
  "variable_state": {
    "PROJECT_ROOT": "/Users/glen/.prodigy/worktrees/prodigy/session-0e9928b6-9557-4ff1-bee9-c0c811804669",
    "test.exit_code": "101",
    "test.output": "STDOUT:\nRunning tests with cargo nextest...\n\n\nSTDERR:\ncargo build\n   Compiling prodigy v0.1.7 (/Users/glen/.prodigy/worktrees/prodigy/session-0e9928b6-9557-4ff1-bee9-c0c811804669)\n    Finished `dev` profile [unoptimized + debuginfo] target(s) in 8.27s\ncargo nextest run\n   Compiling prodigy v0.1.7 (/Users/glen/.prodigy/worktrees/prodigy/session-0e9928b6-9557-4ff1-bee9-c0c811804669)\nerror[E0308]: mismatched types\n   --> tests/timeout_integration_test.rs:115:25\n    |\n115 |         capture_output: false,\n    |                         ^^^^^ expected `Option<CaptureOutputConfig>`, found `bool`\n    |\n    = note: expected enum `Option<CaptureOutputConfig>`\n               found type `bool`\n\nerror[E0063]: missing fields `capture_format`, `capture_streams` and `output_file` in initializer of `WorkflowStepCommand`\n   --> tests/timeout_integration_test.rs:103:16\n    |\n103 |     let step = WorkflowStepCommand {\n    |                ^^^^^^^^^^^^^^^^^^^ missing `capture_format`, `capture_streams` and `output_file`\n\nSome errors have detailed explanations: E0063, E0308.\nFor more information about an error, try `rustc --explain E0063`.\nerror: could not compile `prodigy` (test \"timeout_integration_test\") due to 2 previous errors\nwarning: build failed, waiting for other jobs to finish...\nerror: command `/opt/homebrew/bin/cargo test --no-run --message-format json-render-diagnostics` exited with code 101\nerror: Recipe `test` failed on line 58 with exit code 101\n",
    "ARG": "66",
    "test.attempt": "1"
  },
  "mapreduce_state": null,
  "timestamp": "2025-09-15T01:03:06.165872Z",
  "version": 1,
  "workflow_hash": "3",
  "total_steps": 3,
  "workflow_name": "args-workflow",
  "workflow_path": null
}