{
  "workflow_id": "workflow-1757898533489",
  "execution_state": {
    "current_step_index": 2,
    "total_steps": 3,
    "status": "Running",
    "start_time": "2025-09-15T01:33:44.839773Z",
    "last_checkpoint": "2025-09-15T01:33:44.839773Z",
    "current_iteration": null,
    "total_iterations": null
  },
  "completed_steps": [
    {
      "step_index": 0,
      "command": "claude: /prodigy-implement-spec $ARG",
      "success": true,
      "output": null,
      "captured_variables": {},
      "duration": {
        "secs": 1215,
        "nanos": 611412917
      },
      "completed_at": "2025-09-15T01:29:09.089766Z"
    },
    {
      "step_index": 1,
      "command": "test: just test",
      "success": true,
      "output": null,
      "captured_variables": {},
      "duration": {
        "secs": 275,
        "nanos": 744484791
      },
      "completed_at": "2025-09-15T01:33:44.839685Z"
    }
  ],
  "variable_state": {
    "test.exit_code": "101",
    "test.output": "STDOUT:\nRunning tests with cargo nextest...\n\n\nSTDERR:\ncargo build\n   Compiling prodigy v0.1.7 (/Users/glen/.prodigy/worktrees/prodigy/session-7b074db7-dab4-4652-9bbb-ff50b0f42e0a)\n    Finished `dev` profile [unoptimized + debuginfo] target(s) in 7.22s\ncargo nextest run\n   Compiling prodigy v0.1.7 (/Users/glen/.prodigy/worktrees/prodigy/session-7b074db7-dab4-4652-9bbb-ff50b0f42e0a)\nerror[E0063]: missing fields `ignore_validation_failure`, `skip_validation`, `step_validate` and 1 other field in initializer of `cook::workflow::executor::WorkflowStep`\n   --> src/cook/coordinators/workflow_tests.rs:166:20\n    |\n166 |         let step = WorkflowStep {\n    |                    ^^^^^^^^^^^^ missing `ignore_validation_failure`, `skip_validation`, `step_validate` and 1 other field\n\nerror[E0063]: missing fields `ignore_validation_failure`, `skip_validation`, `step_validate` and 1 other field in initializer of `cook::workflow::executor::WorkflowStep`\n    --> src/cook/execution/mapreduce.rs:3981:20\n     |\n3981 |         let step = WorkflowStep {\n     |                    ^^^^^^^^^^^^ missing `ignore_validation_failure`, `skip_validation`, `step_validate` and 1 other field\n\nerror[E0063]: missing fields `ignore_validation_failure`, `skip_validation`, `step_validate` and 1 other field in initializer of `cook::workflow::executor::WorkflowStep`\n    --> src/cook/execution/mapreduce.rs:4014:20\n     |\n4014 |         let step = WorkflowStep {\n     |                    ^^^^^^^^^^^^ missing `ignore_validation_failure`, `skip_validation`, `step_validate` and 1 other field\n\nerror[E0063]: missing fields `ignore_validation_failure`, `skip_validation`, `step_validate` and 1 other field in initializer of `cook::workflow::executor::WorkflowStep`\n    --> src/cook/execution/mapreduce.rs:4047:20\n     |\n4047 |         let step = WorkflowStep {\n     |                    ^^^^^^^^^^^^ missing `ignore_validation_failure`, `skip_validation`, `step_validate` and 1 other field\n\nerror[E0063]: missing fields `ignore_validation_failure`, `skip_validation`, `step_validate` and 1 other field in initializer of `cook::workflow::executor::WorkflowStep`\n    --> src/cook/execution/mapreduce.rs:4083:20\n     |\n4083 |         let step = WorkflowStep {\n     |                    ^^^^^^^^^^^^ missing `ignore_validation_failure`, `skip_validation`, `step_validate` and 1 other field\n\nerror[E0063]: missing fields `ignore_validation_failure`, `skip_validation`, `step_validate` and 1 other field in initializer of `cook::workflow::executor::WorkflowStep`\n    --> src/cook/execution/mapreduce.rs:4119:20\n     |\n4119 |         let step = WorkflowStep {\n     |                    ^^^^^^^^^^^^ missing `ignore_validation_failure`, `skip_validation`, `step_validate` and 1 other field\n\nerror[E0063]: missing fields `ignore_validation_failure`, `skip_validation`, `step_validate` and 1 other field in initializer of `cook::workflow::executor::WorkflowStep`\n    --> src/cook/execution/mapreduce.rs:4152:20\n     |\n4152 |         let step = WorkflowStep {\n     |                    ^^^^^^^^^^^^ missing `ignore_validation_failure`, `skip_validation`, `step_validate` and 1 other field\n\nerror[E0063]: missing fields `ignore_validation_failure`, `skip_validation`, `step_validate` and 1 other field in initializer of `cook::workflow::executor::WorkflowStep`\n    --> src/cook/execution/mapreduce.rs:4189:20\n     |\n4189 |         let step = WorkflowStep {\n     |                    ^^^^^^^^^^^^ missing `ignore_validation_failure`, `skip_validation`, `step_validate` and 1 other field\n\nerror[E0063]: missing fields `ignore_validation_failure`, `skip_validation`, `step_validate` and 1 other field in initializer of `cook::workflow::executor::WorkflowStep`\n    --> src/cook/execution/mapreduce.rs:4223:20\n     |\n4223 |         let step = WorkflowStep {\n     |                    ^^^^^^^^^^^^ missing `ignore_validation_failure`, `skip_validation`, `step_validate` and 1 other field\n\nerror[E0063]: missing fields `ignore_validation_failure`, `skip_validation`, `step_validate` and 1 other field in initializer of `cook::workflow::executor::WorkflowStep`\n   --> src/cook/execution/mapreduce_tests.rs:247:30\n    |\n247 |         agent_template: vec![WorkflowStep {\n    |                              ^^^^^^^^^^^^ missing `ignore_validation_failure`, `skip_validation`, `step_validate` and 1 other field\n\nerror[E0063]: missing fields `ignore_validation_failure`, `skip_validation`, `step_validate` and 1 other field in initializer of `cook::workflow::executor::WorkflowStep`\n   --> src/cook/execution/mapreduce_tests.rs:288:13\n    |\n288 |             WorkflowStep {\n    |             ^^^^^^^^^^^^ missing `ignore_validation_failure`, `skip_validation`, `step_validate` and 1 other field\n\nerror[E0063]: missing fields `ignore_validation_failure`, `skip_validation`, `step_validate` and 1 other field in initializer of `cook::workflow::executor::WorkflowStep`\n   --> src/cook/execution/mapreduce_tests.rs:312:13\n    |\n312 |             WorkflowStep {\n    |             ^^^^^^^^^^^^ missing `ignore_validation_failure`, `skip_validation`, `step_validate` and 1 other field\n\nerror[E0063]: missing fields `ignore_validation_failure`, `skip_validation`, `step_validate` and 1 other field in initializer of `cook::workflow::executor::WorkflowStep`\n   --> src/cook/execution/mapreduce_tests.rs:741:20\n    |\n741 |         let step = WorkflowStep {\n    |                    ^^^^^^^^^^^^ missing `ignore_validation_failure`, `skip_validation`, `step_validate` and 1 other field\n\nerror[E0063]: missing fields `ignore_validation_failure`, `skip_validation`, `step_validate` and 1 other field in initializer of `cook::workflow::executor::WorkflowStep`\n   --> src/cook/execution/mapreduce_tests.rs:773:20\n    |\n773 |         let step = WorkflowStep {\n    |                    ^^^^^^^^^^^^ missing `ignore_validation_failure`, `skip_validation`, `step_validate` and 1 other field\n\nerror[E0063]: missing fields `ignore_validation_failure`, `skip_validation`, `step_validate` and 1 other field in initializer of `cook::workflow::executor::WorkflowStep`\n   --> src/cook/execution/mapreduce_tests.rs:805:20\n    |\n805 |         let step = WorkflowStep {\n    |                    ^^^^^^^^^^^^ missing `ignore_validation_failure`, `skip_validation`, `step_validate` and 1 other field\n\nerror[E0063]: missing fields `ignore_validation_failure`, `skip_validation`, `step_validate` and 1 other field in initializer of `cook::workflow::executor::WorkflowStep`\n   --> src/cook/execution/mapreduce_tests.rs:836:20\n    |\n836 |         let step = WorkflowStep {\n    |                    ^^^^^^^^^^^^ missing `ignore_validation_failure`, `skip_validation`, `step_validate` and 1 other field\n\nerror[E0063]: missing fields `ignore_validation_failure`, `skip_validation`, `step_validate` and 1 other field in initializer of `cook::workflow::executor::WorkflowStep`\n   --> src/cook/execution/mapreduce_tests.rs:872:20\n    |\n872 |         let step = WorkflowStep {\n    |                    ^^^^^^^^^^^^ missing `ignore_validation_failure`, `skip_validation`, `step_validate` and 1 other field\n\nerror[E0063]: missing fields `ignore_validation_failure`, `skip_validation`, `step_validate` and 1 other field in initializer of `cook::workflow::executor::WorkflowStep`\n   --> src/cook/execution/shell_failure_tests.rs:228:21\n    |\n228 |         let _step = WorkflowStep {\n    |                     ^^^^^^^^^^^^ missing `ignore_validation_failure`, `skip_validation`, `step_validate` and 1 other field\n\nFor more information about this error, try `rustc --explain E0063`.\nerror: could not compile `prodigy` (lib test) due to 18 previous errors\nerror: command `/opt/homebrew/bin/cargo test --no-run --message-format json-render-diagnostics` exited with code 101\nerror: Recipe `test` failed on line 58 with exit code 101\n",
    "PROJECT_ROOT": "/Users/glen/.prodigy/worktrees/prodigy/session-7b074db7-dab4-4652-9bbb-ff50b0f42e0a",
    "test.attempt": "1",
    "ARG": "67"
  },
  "mapreduce_state": null,
  "timestamp": "2025-09-15T01:33:44.839773Z",
  "version": 1,
  "workflow_hash": "3",
  "total_steps": 3,
  "workflow_name": "args-workflow",
  "workflow_path": null
}