{
  "workflow_id": "workflow-1757887596178",
  "execution_state": {
    "current_step_index": 2,
    "total_steps": 3,
    "status": "Running",
    "start_time": "2025-09-14T22:47:45.654344Z",
    "last_checkpoint": "2025-09-14T22:47:45.654344Z",
    "current_iteration": null,
    "total_iterations": null
  },
  "completed_steps": [
    {
      "step_index": 0,
      "command": "claude: /prodigy-implement-spec $ARG",
      "success": true,
      "output": null,
      "captured_variables": {},
      "duration": {
        "secs": 2274,
        "nanos": 401084583
      },
      "completed_at": "2025-09-14T22:45:27.607018Z"
    },
    {
      "step_index": 1,
      "command": "test: just test",
      "success": true,
      "output": null,
      "captured_variables": {},
      "duration": {
        "secs": 138,
        "nanos": 37629458
      },
      "completed_at": "2025-09-14T22:47:45.654300Z"
    }
  ],
  "variable_state": {
    "test.attempt": "1",
    "ARG": "63",
    "test.output": "STDOUT:\nRunning tests with cargo nextest...\n\n\nSTDERR:\ncargo build\n   Compiling prodigy v0.1.7 (/Users/glen/.prodigy/worktrees/prodigy/session-5ba746e6-d66f-43a1-aaa5-0c48144bd973)\n    Finished `dev` profile [unoptimized + debuginfo] target(s) in 4.61s\ncargo nextest run\n    Finished `test` profile [unoptimized + debuginfo] target(s) in 0.12s\n────────────\n Nextest run ID 7732968c-e58e-401a-a460-b3ef0495a2d3 with nextest profile: default\n    Starting 1120 tests across 7 binaries (10 tests skipped)\n        PASS [   0.009s] prodigy abstractions::exit_status::tests::test_from_raw_success\n        PASS [   0.009s] prodigy abstractions::claude::tests::test_transient_error_detection\n        PASS [   0.010s] prodigy abstractions::exit_status::tests::test_from_raw_failure\n        PASS [   0.011s] prodigy abstractions::claude::tests::test_mock_claude_client\n        PASS [   0.011s] prodigy abstractions::claude::tests::test_add_success_response\n        PASS [   0.011s] prodigy abstractions::claude::tests::test_mock_claude_unavailable\n        PASS [   0.012s] prodigy abstractions::claude::tests::test_mock_claude_error_response\n        PASS [   0.012s] prodigy abstractions::claude::tests::test_add_error_response\n        PASS [   0.017s] prodigy abstractions::git::real_git_tests::test_create_worktree_invalid_path\n        PASS [   0.017s] prodigy abstractions::git::real_git_tests::test_git_command_success\n        PASS [   0.008s] prodigy abstractions::git::tests::test_mock_git_operations\n        PASS [   0.010s] prodigy abstractions::git::tests::test_mock_git_error\n        PASS [   0.009s] prodigy cli::workflow_generator::tests::test_generate_exec_workflow\n        PASS [   0.009s] prodigy cli::workflow_generator::tests::test_parse_command_claude\n        PASS [   0.010s] prodigy cli::workflow_generator::tests::test_generate_batch_workflow\n        PASS [   0.011s] prodigy cli::workflow_generator::tests::test_parse_command_default\n        PASS [   0.024s] prodigy abstractions::git::real_git_tests::test_get_current_branch\n        PASS [   0.008s] prodigy cli::workflow_generator::tests::test_parse_command_slash\n        PASS [   0.009s] prodigy cli::workflow_generator::tests::test_parse_command_shell\n        PASS [   0.026s] prodigy abstractions::git::real_git_tests::test_git_command_failure\n        PASS [   0.008s] prodigy commands::attributes::tests::test_attribute_value_conversions\n        PASS [   0.008s] prodigy commands::attributes::tests::test_schema_defaults\n        PASS [   0.009s] prodigy commands::context::tests::test_context_builder_pattern\n        PASS [   0.009s] prodigy commands::context::tests::test_context_creation\n        PASS [   0.010s] prodigy commands::attributes::tests::test_schema_validation\n        PASS [   0.008s] prodigy commands::context::tests::test_metadata\n        PASS [   0.008s] prodigy commands::context::tests::test_path_resolution\n        PASS [   0.008s] prodigy commands::context::tests::test_with_executor\n        PASS [   0.026s] prodigy abstractions::git::real_git_tests::test_stage_all_changes_and_commit\n        PASS [   0.009s] prodigy commands::handlers::cargo::tests::test_cargo_build\n        PASS [   0.012s] prodigy commands::context::tests::test_env_vars\n        PASS [   0.009s] prodigy commands::handlers::cargo::tests::test_cargo_dry_run\n        PASS [   0.008s] prodigy commands::handlers::cargo::tests::test_cargo_handler_schema\n        PASS [   0.009s] prodigy commands::handlers::cargo::tests::test_cargo_test_with_features\n        PASS [   0.009s] prodigy commands::handlers::claude::tests::test_claude_handler_dry_run\n        PASS [   0.010s] prodigy commands::handlers::claude::tests::test_claude_handler_execute\n        PASS [   0.031s] prodigy abstractions::git::tests::test_real_git_operations_is_git_repo\n        PASS [   0.008s] prodigy commands::handlers::claude::tests::test_claude_handler_schema\n        PASS [   0.009s] prodigy commands::handlers::file::tests::test_file_dry_run\n        PASS [   0.009s] prodigy commands::handlers::file::tests::test_file_exists\n        PASS [   0.010s] prodigy commands::handlers::file::tests::test_file_handler_schema\n        PASS [   0.010s] prodigy commands::handlers::git::tests::test_git_status\n        PASS [   0.010s] prodigy commands::handlers::git::tests::test_git_commit_dry_run\n        PASS [   0.010s] prodigy commands::handlers::git::tests::test_git_handler_schema\n        PASS [   0.011s] prodigy commands::handlers::file::tests::test_file_write_and_read\n        PASS [   0.011s] prodigy commands::handlers::shell::tests::test_shell_handler_dry_run\n        PASS [   0.009s] prodigy commands::handlers::shell::tests::test_shell_handler_execute\n        PASS [   0.010s] prodigy commands::handlers::shell::tests::test_shell_handler_schema\n        PASS [   0.009s] prodigy commands::handlers::tests::test_all_handlers\n        PASS [   0.008s] prodigy commands::result::tests::test_error_result\n        PASS [   0.008s] prodigy commands::result::tests::test_command_error_display\n        PASS [   0.007s] prodigy commands::result::tests::test_to_result\n        PASS [   0.008s] prodigy commands::result::tests::test_from_output\n        PASS [   0.009s] prodigy commands::result::tests::test_success_result\n        PASS [   0.008s] prodigy commands::result::tests::test_with_duration\n        PASS [   0.007s] prodigy commands::tests::test_handler_validation\n        PASS [   0.007s] prodigy config::command::tests::test_analysis_config_defaults\n        PASS [   0.007s] prodigy config::command::tests::test_analysis_config_with_defaults\n        PASS [   0.007s] prodigy config::command::tests::test_analysis_config_serialization\n        PASS [   0.007s] prodigy config::command::tests::test_command_creation\n        PASS [   0.007s] prodigy config::command::tests::test_command_from_string\n        PASS [   0.021s] prodigy commands::registry::tests::test_registry_execute\n        PASS [   0.021s] prodigy commands::registry::tests::test_registry_get_handler\n        PASS [   0.007s] prodigy config::command::tests::test_command_with_analysis_config\n        PASS [   0.008s] prodigy config::command::tests::test_command_serialization\n        PASS [   0.020s] prodigy commands::registry::tests::test_registry_registration\n        PASS [   0.007s] prodigy config::command::tests::test_commit_required_field\n        PASS [   0.008s] prodigy config::command::tests::test_commit_required_serialization\n        PASS [   0.008s] prodigy config::command::tests::test_conditional_workflow_serialization\n        PASS [   0.008s] prodigy config::command::tests::test_default_cache_duration\n        PASS [   0.008s] prodigy config::command::tests::test_untagged_enum_debug\n        PASS [   0.007s] prodigy config::command::tests::test_workflow_command_conversion\n        PASS [   0.020s] prodigy commands::tests::test_command_handler_builder\n        PASS [   0.008s] prodigy config::command::tests::test_workflow_command_with_workflow_step\n        PASS [   0.008s] prodigy config::command::tests::test_workflow_step_command_parsing\n        FAIL [   0.009s] prodigy config::command::tests::test_workflow_step_command_with_when_clause\n  stdout ───\n\n    running 1 test\n    test config::command::tests::test_workflow_step_command_with_when_clause ... FAILED\n\n    failures:\n\n    failures:\n        config::command::tests::test_workflow_step_command_with_when_clause\n\n    test result: FAILED. 0 passed; 1 failed; 0 ignored; 0 measured; 1088 filtered out; finished in 0.00s\n\n  stderr ───\n\n    thread 'config::command::tests::test_workflow_step_command_with_when_clause' panicked at src/config/command.rs:856:68:\n    called `Result::unwrap()` on an `Err` value: Error(\"WorkflowStepCommand must have 'claude', 'shell', 'analyze', 'goal_seek', or 'foreach' field\")\n    note: run with `RUST_BACKTRACE=1` environment variable to display a backtrace\n\n  Cancelling due to test failure: 11 tests still running\n        PASS [   0.009s] prodigy config::command::tests::test_workflow_config_with_new_syntax\n        PASS [   0.010s] prodigy config::command_discovery::tests::test_create_command_file\n        PASS [   0.008s] prodigy config::command_discovery::tests::test_is_cache_valid\n        PASS [   0.008s] prodigy config::command_discovery::tests::test_is_command_file\n        PASS [   0.008s] prodigy config::command_discovery::tests::test_create_command_file_nonexistent\n        PASS [   0.009s] prodigy config::command_discovery::tests::test_needs_refresh\n        PASS [   0.011s] prodigy config::command_discovery::tests::test_multiple_valid_command_files\n        PASS [   0.010s] prodigy config::command_discovery::tests::test_process_entry_with_cache\n        PASS [   0.009s] prodigy config::command_discovery::tests::test_scan_commands_filters_correctly\n        PASS [   0.022s] prodigy config::command_discovery::tests::test_cache_invalidation_on_file_update\n        PASS [   0.024s] prodigy config::command_discovery::tests::test_cache_behavior\n────────────\n     Summary [   0.090s] 87/1120 tests run: 86 passed, 1 failed, 10 skipped\n        FAIL [   0.009s] prodigy config::command::tests::test_workflow_step_command_with_when_clause\nwarning: 1033/1120 tests were not run due to test failure (run with --no-fail-fast to run all tests, or run with --max-fail)\nerror: test run failed\nerror: Recipe `test` failed on line 58 with exit code 100\n",
    "test.exit_code": "100",
    "PROJECT_ROOT": "/Users/glen/.prodigy/worktrees/prodigy/session-5ba746e6-d66f-43a1-aaa5-0c48144bd973"
  },
  "mapreduce_state": null,
  "timestamp": "2025-09-14T22:47:45.654344Z",
  "version": 1,
  "workflow_hash": "3",
  "total_steps": 3,
  "workflow_name": "args-workflow",
  "workflow_path": null
}